<?xml version="1.0" encoding="UTF-8"?>
<!-- Generated by org.testng.reporters.JUnitXMLReporter -->
<testsuite ignored="0" hostname="DESKTOP-RAEVV8E" failures="3" tests="13" name="Surefire test" time="0.031" errors="0" timestamp="2021-07-20T18:18:16 EDT">
  <testcase classname="pack1.LoginTest" name="getAdmin" time="0.002"/>
  <testcase classname="pack1.LoginTest" name="loginAdmin" time="0.0"/>
  <testcase classname="pack1.LoginTest" name="loginEmployee" time="0.0"/>
  <testcase classname="pack1.LoginTest" name="loginGuest" time="0.0"/>
  <testcase classname="pack1.LogoutTest" name="logoutAdmin" time="0.0"/>
  <testcase classname="pack1.LogoutTest" name="logoutEmployee" time="0.0"/>
  <testcase classname="pack1.LogoutTest" name="logoutGuest" time="0.0"/>
  <testcase classname="pack1.RegisterTest" name="registerAdmin" time="0.0">
    <failure type="org.testng.TestNGException" message="
Parameter &amp;apos;URL&amp;apos; is required by @Test on method registerAdmin but has not been marked @Optional or defined
">
      <![CDATA[org.testng.TestNGException: 
Parameter 'URL' is required by @Test on method registerAdmin but has not been marked @Optional or defined

at java.base/java.util.ArrayList.forEach(ArrayList.java:1541)
... Removed 31 stack frames]]>
    </failure>
  </testcase> <!-- registerAdmin -->
  <testcase classname="pack1.RegisterTest" name="registerEmployee" time="0.0">
    <failure type="org.testng.TestNGException" message="
Parameter &amp;apos;URL&amp;apos; is required by @Test on method registerEmployee but has not been marked @Optional or defined
">
      <![CDATA[org.testng.TestNGException: 
Parameter 'URL' is required by @Test on method registerEmployee but has not been marked @Optional or defined

at java.base/java.util.ArrayList.forEach(ArrayList.java:1541)
... Removed 31 stack frames]]>
    </failure>
  </testcase> <!-- registerEmployee -->
  <testcase classname="pack1.RegisterTest" name="registerGuest" time="0.0">
    <failure type="org.testng.TestNGException" message="
Parameter &amp;apos;URL&amp;apos; is required by @Test on method registerGuest but has not been marked @Optional or defined
">
      <![CDATA[org.testng.TestNGException: 
Parameter 'URL' is required by @Test on method registerGuest but has not been marked @Optional or defined

at java.base/java.util.ArrayList.forEach(ArrayList.java:1541)
... Removed 31 stack frames]]>
    </failure>
  </testcase> <!-- registerGuest -->
  <testcase classname="pack2.LogoutTest" name="logoutAdmin" time="0.0"/>
  <testcase classname="pack2.LogoutTest" name="logoutEmployee" time="0.0"/>
  <testcase classname="pack2.LogoutTest" name="logoutGuest" time="0.0"/>
</testsuite> <!-- Surefire test -->
